2023-07-20 18:04:32 [포트폴리오 사이트] info: getUser
2023-07-20 18:04:32 [포트폴리오 사이트] info: getUsers
2023-07-20 18:04:32 [포트폴리오 사이트] info: getUserInfo
2023-07-20 18:04:32 [포트폴리오 사이트] info: getEducationsByUserId
2023-07-20 18:04:32 [포트폴리오 사이트] info: getProjectByUserId
2023-07-20 18:04:32 [포트폴리오 사이트] info: getAwardByUserId
2023-07-20 18:04:32 [포트폴리오 사이트] info: getUserInfo
2023-07-20 18:04:32 [포트폴리오 사이트] info: getCertificateByUserId
2023-07-20 18:04:35 [포트폴리오 사이트] info: deleteProject
2023-07-20 18:04:35 [포트폴리오 사이트] info: getProjectByUserId
2023-07-20 18:04:35 [포트폴리오 사이트] info: deleteProject
2023-07-20 18:04:35 [포트폴리오 사이트] info: getProjectByUserId
2023-07-20 18:06:14 [포트폴리오 사이트] info: getUserInfo
2023-07-20 18:06:14 [포트폴리오 사이트] info: getUsers
2023-07-20 18:06:14 [포트폴리오 사이트] info: getUserInfo
2023-07-20 18:06:14 [포트폴리오 사이트] info: getUsers
2023-07-20 18:06:14 [포트폴리오 사이트] info: getEducationsByUserId
2023-07-20 18:06:14 [포트폴리오 사이트] info: getAwardByUserId
2023-07-20 18:06:14 [포트폴리오 사이트] info: getProjectByUserId
2023-07-20 18:06:14 [포트폴리오 사이트] info: getCertificateByUserId
2023-07-20 18:06:14 [포트폴리오 사이트] info: getUserInfo
2023-07-20 18:08:34 [포트폴리오 사이트] info: getUserInfo
2023-07-20 18:08:34 [포트폴리오 사이트] info: getUsers
2023-07-20 18:08:34 [포트폴리오 사이트] info: getAwardByUserId
2023-07-20 18:08:34 [포트폴리오 사이트] info: getEducationsByUserId
2023-07-20 18:08:34 [포트폴리오 사이트] info: getProjectByUserId
2023-07-20 18:08:34 [포트폴리오 사이트] info: getUserInfo
2023-07-20 18:08:34 [포트폴리오 사이트] info: getCertificateByUserId
2023-07-20 18:08:39 [포트폴리오 사이트] info: updateUserProfileImage
2023-07-20 18:08:39 [포트폴리오 사이트] error: NO PROFILE IMAGE UPLOAD
