2023-07-21 00:05:03 [포트폴리오 사이트] info: getUserInfo
2023-07-21 00:05:03 [포트폴리오 사이트] error: getUserInfo 오류
2023-07-21 00:05:11 [포트폴리오 사이트] info: getUser
2023-07-21 00:05:11 [포트폴리오 사이트] info: getUserInfo
2023-07-21 00:05:11 [포트폴리오 사이트] info: getUsers
2023-07-21 00:05:11 [포트폴리오 사이트] info: getUserInfo
2023-07-21 00:05:11 [포트폴리오 사이트] info: getEducationsByUserId
2023-07-21 00:05:11 [포트폴리오 사이트] info: getProjectByUserId
2023-07-21 00:05:11 [포트폴리오 사이트] info: getAwardByUserId
2023-07-21 00:05:11 [포트폴리오 사이트] info: getCertificateByUserId
2023-07-21 00:06:38 [포트폴리오 사이트] info: addEducation
2023-07-21 00:06:38 [포트폴리오 사이트] info: getEducationsByUserId
2023-07-21 00:06:43 [포트폴리오 사이트] info: addAward
2023-07-21 00:06:43 [포트폴리오 사이트] error: addAward 오류
2023-07-21 00:06:44 [포트폴리오 사이트] info: addAward
2023-07-21 00:06:45 [포트폴리오 사이트] info: getAwardByUserId
2023-07-21 00:06:49 [포트폴리오 사이트] info: addProject
2023-07-21 00:06:49 [포트폴리오 사이트] info: getProjectByUserId
2023-07-21 00:06:54 [포트폴리오 사이트] info: addCertificate
2023-07-21 00:06:54 [포트폴리오 사이트] info: getCertificateByUserId
2023-07-21 00:07:54 [포트폴리오 사이트] info: setEducation
2023-07-21 00:07:54 [포트폴리오 사이트] info: getEducationsByUserId
2023-07-21 00:08:01 [포트폴리오 사이트] info: setAward
2023-07-21 00:08:01 [포트폴리오 사이트] info: getAwardByUserId
2023-07-21 00:08:08 [포트폴리오 사이트] info: setProject
2023-07-21 00:08:08 [포트폴리오 사이트] info: getProjectByUserId
2023-07-21 00:08:16 [포트폴리오 사이트] info: setCertificate
2023-07-21 00:08:16 [포트폴리오 사이트] info: getCertificateByUserId
2023-07-21 00:08:18 [포트폴리오 사이트] info: deleteCertificate
2023-07-21 00:08:18 [포트폴리오 사이트] info: getCertificateByUserId
2023-07-21 00:08:19 [포트폴리오 사이트] info: deleteProject
2023-07-21 00:08:19 [포트폴리오 사이트] info: getProjectByUserId
2023-07-21 00:08:22 [포트폴리오 사이트] info: deleteAward
2023-07-21 00:08:22 [포트폴리오 사이트] info: getAwardByUserId
2023-07-21 00:08:24 [포트폴리오 사이트] info: deleteEducation
2023-07-21 00:08:24 [포트폴리오 사이트] info: getEducationsByUserId
2023-07-21 00:12:42 [포트폴리오 사이트] info: getUserInfo
2023-07-21 00:12:42 [포트폴리오 사이트] info: getUsers
